# JRE version: OpenJDK Runtime Environment (17.0.6) (build 17.0.6+0-b2043.56-10027231)
# Java VM: OpenJDK 64-Bit Server VM (17.0.6+0-b2043.56-10027231, mixed mode, tiered, compressed oops, compressed class ptrs, g1 gc, windows-amd64)
GC Precious Log:
 CPUs: 16 total, 16 available
 Memory: 16109M
 Large Page Support: Disabled
 NUMA Support: Disabled
 Compressed Oops: Enabled (32-bit)
 Heap Region Size: 1M
 Heap Min Capacity: 8M
 Heap Initial Capacity: 252M
 Heap Max Capacity: 2G
 Pre-touch: Disabled
 Parallel Workers: 13
 Concurrent Workers: 3
 Concurrent Refinement Workers: 13
 Periodic GC: Disabled
Heap:
 garbage-first heap   total 316416K, used 258342K [0x0000000080000000, 0x0000000100000000)
  region size 1024K, 137 young (140288K), 2 survivors (2048K)
 Metaspace       used 109071K, committed 109888K, reserved 1146880K
  class space    used 14608K, committed 14976K, reserved 1048576K
GC Heap History (20 events):
Event: 11.529 GC heap before
{Heap before GC invocations=48 (full 0):
 garbage-first heap   total 184320K, used 152708K [0x0000000080000000, 0x0000000100000000)
  region size 1024K, 40 young (40960K), 4 survivors (4096K)
 Metaspace       used 97012K, committed 97664K, reserved 1138688K
  class space    used 13253K, committed 13568K, reserved 1048576K
}
Event: 11.532 GC heap after
{Heap after GC invocations=49 (full 0):
 garbage-first heap   total 184320K, used 119188K [0x0000000080000000, 0x0000000100000000)
  region size 1024K, 4 young (4096K), 4 survivors (4096K)
 Metaspace       used 97012K, committed 97664K, reserved 1138688K
  class space    used 13253K, committed 13568K, reserved 1048576K
}
Event: 11.620 GC heap before
{Heap before GC invocations=49 (full 0):
 garbage-first heap   total 184320K, used 152980K [0x0000000080000000, 0x0000000100000000)
  region size 1024K, 38 young (38912K), 4 survivors (4096K)
 Metaspace       used 97064K, committed 97792K, reserved 1138688K
  class space    used 13258K, committed 13568K, reserved 1048576K
}
Event: 11.622 GC heap after
{Heap after GC invocations=50 (full 0):
 garbage-first heap   total 184320K, used 121480K [0x0000000080000000, 0x0000000100000000)
  region size 1024K, 4 young (4096K), 4 survivors (4096K)
 Metaspace       used 97064K, committed 97792K, reserved 1138688K
  class space    used 13258K, committed 13568K, reserved 1048576K
}
Event: 12.091 GC heap before
{Heap before GC invocations=50 (full 0):
 garbage-first heap   total 184320K, used 153224K [0x0000000080000000, 0x0000000100000000)
  region size 1024K, 32 young (32768K), 4 survivors (4096K)
 Metaspace       used 100361K, committed 101120K, reserved 1138688K
  class space    used 13621K, committed 14016K, reserved 1048576K
}
Event: 12.094 GC heap after
{Heap after GC invocations=51 (full 0):
 garbage-first heap   total 221184K, used 128746K [0x0000000080000000, 0x0000000100000000)
  region size 1024K, 4 young (4096K), 4 survivors (4096K)
 Metaspace       used 100361K, committed 101120K, reserved 1138688K
  class space    used 13621K, committed 14016K, reserved 1048576K
}
Event: 12.103 GC heap before
{Heap before GC invocations=51 (full 0):
 garbage-first heap   total 221184K, used 155370K [0x0000000080000000, 0x0000000100000000)
  region size 1024K, 5 young (5120K), 4 survivors (4096K)
 Metaspace       used 100414K, committed 101184K, reserved 1138688K
  class space    used 13627K, committed 14016K, reserved 1048576K
}
Event: 12.105 GC heap after
{Heap after GC invocations=52 (full 0):
 garbage-first heap   total 221184K, used 155570K [0x0000000080000000, 0x0000000100000000)
  region size 1024K, 4 young (4096K), 4 survivors (4096K)
 Metaspace       used 100414K, committed 101184K, reserved 1138688K
  class space    used 13627K, committed 14016K, reserved 1048576K
}
Event: 1649.603 GC heap before
{Heap before GC invocations=53 (full 0):
 garbage-first heap   total 316416K, used 236466K [0x0000000080000000, 0x0000000100000000)
  region size 1024K, 28 young (28672K), 4 survivors (4096K)
 Metaspace       used 102043K, committed 102720K, reserved 1138688K
  class space    used 13860K, committed 14208K, reserved 1048576K
}
Event: 1649.608 GC heap after
{Heap after GC invocations=54 (full 0):
 garbage-first heap   total 316416K, used 124813K [0x0000000080000000, 0x0000000100000000)
  region size 1024K, 1 young (1024K), 1 survivors (1024K)
 Metaspace       used 102043K, committed 102720K, reserved 1138688K
  class space    used 13860K, committed 14208K, reserved 1048576K
}
Event: 2618.747 GC heap before
{Heap before GC invocations=54 (full 0):
 garbage-first heap   total 316416K, used 139149K [0x0000000080000000, 0x0000000100000000)
  region size 1024K, 15 young (15360K), 1 survivors (1024K)
 Metaspace       used 102074K, committed 102848K, reserved 1138688K
  class space    used 13860K, committed 14208K, reserved 1048576K
}
Event: 2618.750 GC heap after
{Heap after GC invocations=55 (full 0):
 garbage-first heap   total 316416K, used 121804K [0x0000000080000000, 0x0000000100000000)
  region size 1024K, 1 young (1024K), 1 survivors (1024K)
 Metaspace       used 102074K, committed 102848K, reserved 1138688K
  class space    used 13860K, committed 14208K, reserved 1048576K
}
Event: 8956.195 GC heap before
{Heap before GC invocations=55 (full 0):
 garbage-first heap   total 316416K, used 256972K [0x0000000080000000, 0x0000000100000000)
  region size 1024K, 134 young (137216K), 1 survivors (1024K)
 Metaspace       used 102260K, committed 102976K, reserved 1138688K
  class space    used 13862K, committed 14208K, reserved 1048576K
}
Event: 8956.290 GC heap after
{Heap after GC invocations=56 (full 0):
 garbage-first heap   total 316416K, used 121733K [0x0000000080000000, 0x0000000100000000)
  region size 1024K, 1 young (1024K), 1 survivors (1024K)
 Metaspace       used 102260K, committed 102976K, reserved 1138688K
  class space    used 13862K, committed 14208K, reserved 1048576K
}
Event: 9786.048 GC heap before
{Heap before GC invocations=56 (full 0):
 garbage-first heap   total 316416K, used 273285K [0x0000000080000000, 0x0000000100000000)
  region size 1024K, 150 young (153600K), 1 survivors (1024K)
 Metaspace       used 103230K, committed 104000K, reserved 1138688K
  class space    used 13907K, committed 14272K, reserved 1048576K
}
Event: 9786.088 GC heap after
{Heap after GC invocations=57 (full 0):
 garbage-first heap   total 316416K, used 124194K [0x0000000080000000, 0x0000000100000000)
  region size 1024K, 3 young (3072K), 3 survivors (3072K)
 Metaspace       used 103230K, committed 104000K, reserved 1138688K
  class space    used 13907K, committed 14272K, reserved 1048576K
}
Event: 9829.221 GC heap before
{Heap before GC invocations=58 (full 0):
 garbage-first heap   total 316416K, used 274722K [0x0000000080000000, 0x0000000100000000)
  region size 1024K, 150 young (153600K), 3 survivors (3072K)
 Metaspace       used 103510K, committed 104320K, reserved 1138688K
  class space    used 13889K, committed 14272K, reserved 1048576K
}
Event: 9829.227 GC heap after
{Heap after GC invocations=59 (full 0):
 garbage-first heap   total 316416K, used 127331K [0x0000000080000000, 0x0000000100000000)
  region size 1024K, 6 young (6144K), 6 survivors (6144K)
 Metaspace       used 103510K, committed 104320K, reserved 1138688K
  class space    used 13889K, committed 14272K, reserved 1048576K
}
Event: 9829.307 GC heap before
{Heap before GC invocations=59 (full 0):
 garbage-first heap   total 316416K, used 136547K [0x0000000080000000, 0x0000000100000000)
  region size 1024K, 15 young (15360K), 6 survivors (6144K)
 Metaspace       used 103651K, committed 104448K, reserved 1146880K
  class space    used 13908K, committed 14272K, reserved 1048576K
}
Event: 9829.368 GC heap after
{Heap after GC invocations=60 (full 0):
 garbage-first heap   total 316416K, used 122150K [0x0000000080000000, 0x0000000100000000)
  region size 1024K, 2 young (2048K), 2 survivors (2048K)
 Metaspace       used 103651K, committed 104448K, reserved 1146880K
  class space    used 13908K, committed 14272K, reserved 1048576K
}

